2022-02-17 00:14:43.621 [main] INFO  com.mista1984.bank.io.SerializationUtils - Data is loaded.
2022-02-17 00:14:43.683 [main] INFO  com.mista1984.bank.app.App - Enter 0 to exit the application
2022-02-17 00:14:43.683 [main] INFO  com.mista1984.bank.app.App - Enter 1 to show all banks
2022-02-17 00:14:43.684 [main] INFO  com.mista1984.bank.app.App - Enter 2 to add bank
2022-02-17 00:14:43.684 [main] INFO  com.mista1984.bank.app.App - Enter 3 to delete bank
2022-02-17 00:14:43.685 [main] INFO  com.mista1984.bank.app.App - Enter 4 to show users in the bank
2022-02-17 00:14:43.686 [main] INFO  com.mista1984.bank.app.App - Enter 5 to add the user in bank
2022-02-17 00:14:43.686 [main] INFO  com.mista1984.bank.app.App - Enter 6 to add user account
2022-02-17 00:14:43.687 [main] INFO  com.mista1984.bank.app.App - Enter 7 to top up account
2022-02-17 00:14:43.687 [main] INFO  com.mista1984.bank.app.App - Enter 8 to transfer money
2022-02-17 00:14:55.257 [main] INFO  com.mista1984.bank.service.BankServiceImpl - Showing info about bank
2022-02-17 00:14:55.267 [main] INFO  com.mista1984.bank.service.BankServiceImpl - PriorBank, id: 0
2022-02-17 00:14:55.268 [main] INFO  com.mista1984.bank.service.BankServiceImpl - BelarusBank, id: 1
2022-02-17 00:14:55.268 [main] INFO  com.mista1984.bank.app.App - Enter 0 to exit the application
2022-02-17 00:14:55.268 [main] INFO  com.mista1984.bank.app.App - Enter 1 to show all banks
2022-02-17 00:14:55.269 [main] INFO  com.mista1984.bank.app.App - Enter 2 to add bank
2022-02-17 00:14:55.269 [main] INFO  com.mista1984.bank.app.App - Enter 3 to delete bank
2022-02-17 00:14:55.269 [main] INFO  com.mista1984.bank.app.App - Enter 4 to show users in the bank
2022-02-17 00:14:55.269 [main] INFO  com.mista1984.bank.app.App - Enter 5 to add the user in bank
2022-02-17 00:14:55.270 [main] INFO  com.mista1984.bank.app.App - Enter 6 to add user account
2022-02-17 00:14:55.270 [main] INFO  com.mista1984.bank.app.App - Enter 7 to top up account
2022-02-17 00:14:55.270 [main] INFO  com.mista1984.bank.app.App - Enter 8 to transfer money
2022-02-17 00:15:00.229 [main] INFO  com.mista1984.bank.app.App - Input id Bank for show users
2022-02-17 00:15:01.775 [main] INFO  com.mista1984.bank.service.BankServiceImpl - Showing users in bank
2022-02-17 00:15:01.881 [main] INFO  com.mista1984.bank.service.BankServiceImpl - [IndividualPerson{idUser='Vpw2AS', nameUser='Stas', bankAccountList=[BankAccount{numberOfBankAccount='w924XmVZTo', balance=27.5, currency=BYN}, BankAccount{numberOfBankAccount='RW6Estf0hP', balance=4750.0, currency=RUB}]}]
2022-02-17 00:15:01.881 [main] INFO  com.mista1984.bank.app.App - Enter 0 to exit the application
2022-02-17 00:15:01.882 [main] INFO  com.mista1984.bank.app.App - Enter 1 to show all banks
2022-02-17 00:15:01.882 [main] INFO  com.mista1984.bank.app.App - Enter 2 to add bank
2022-02-17 00:15:01.883 [main] INFO  com.mista1984.bank.app.App - Enter 3 to delete bank
2022-02-17 00:15:01.883 [main] INFO  com.mista1984.bank.app.App - Enter 4 to show users in the bank
2022-02-17 00:15:01.883 [main] INFO  com.mista1984.bank.app.App - Enter 5 to add the user in bank
2022-02-17 00:15:01.884 [main] INFO  com.mista1984.bank.app.App - Enter 6 to add user account
2022-02-17 00:15:01.884 [main] INFO  com.mista1984.bank.app.App - Enter 7 to top up account
2022-02-17 00:15:01.885 [main] INFO  com.mista1984.bank.app.App - Enter 8 to transfer money
2022-02-17 00:15:14.861 [main] INFO  com.mista1984.bank.app.App - Input id Bank for show users
2022-02-17 00:15:16.052 [main] INFO  com.mista1984.bank.service.BankServiceImpl - Showing users in bank
2022-02-17 00:15:16.053 [main] INFO  com.mista1984.bank.service.BankServiceImpl - [IndividualPerson{idUser='PFugF9', nameUser='Aliona', bankAccountList=[BankAccount{numberOfBankAccount='s1IIXOuLA3', balance=39.6, currency=BYN}, BankAccount{numberOfBankAccount='o0cC2ssdRY', balance=10065.0, currency=USD}]}]
2022-02-17 00:15:16.053 [main] INFO  com.mista1984.bank.app.App - Enter 0 to exit the application
2022-02-17 00:15:16.053 [main] INFO  com.mista1984.bank.app.App - Enter 1 to show all banks
2022-02-17 00:15:16.054 [main] INFO  com.mista1984.bank.app.App - Enter 2 to add bank
2022-02-17 00:15:16.054 [main] INFO  com.mista1984.bank.app.App - Enter 3 to delete bank
2022-02-17 00:15:16.054 [main] INFO  com.mista1984.bank.app.App - Enter 4 to show users in the bank
2022-02-17 00:15:16.054 [main] INFO  com.mista1984.bank.app.App - Enter 5 to add the user in bank
2022-02-17 00:15:16.055 [main] INFO  com.mista1984.bank.app.App - Enter 6 to add user account
2022-02-17 00:15:16.055 [main] INFO  com.mista1984.bank.app.App - Enter 7 to top up account
2022-02-17 00:15:16.055 [main] INFO  com.mista1984.bank.app.App - Enter 8 to transfer money
2022-02-17 00:15:37.916 [main] INFO  com.mista1984.bank.service.BankServiceImpl - Enter the id of the bank from which you want to make a transfer:
2022-02-17 00:15:45.450 [main] INFO  com.mista1984.bank.service.BankServiceImpl - Enter the id of the user from which you want to make a transfer:
2022-02-17 00:15:54.476 [main] INFO  com.mista1984.bank.service.BankServiceImpl - Try find bank id = '1'
2022-02-17 00:15:54.477 [main] INFO  com.mista1984.bank.service.BankServiceImpl - Find users in bank
2022-02-17 00:15:54.478 [main] INFO  com.mista1984.bank.service.BankServiceImpl - Find user in bank with id = 'PFugF9'
2022-02-17 00:15:54.479 [main] INFO  com.mista1984.bank.service.BankServiceImpl - Enter number of account:
2022-02-17 00:16:13.323 [main] INFO  com.mista1984.bank.service.BankServiceImpl - Try find bank account number= 's1IIXOuLA3'
2022-02-17 00:16:13.323 [main] INFO  com.mista1984.bank.service.BankServiceImpl - Find bank account number= 's1IIXOuLA3'
2022-02-17 00:16:13.324 [main] INFO  com.mista1984.bank.service.BankServiceImpl - Enter the id of the bank to which you want to transfer money:
2022-02-17 00:16:17.654 [main] INFO  com.mista1984.bank.service.BankServiceImpl - Enter the id of the user to which you want to transfer money:
2022-02-17 00:16:29.399 [main] INFO  com.mista1984.bank.service.BankServiceImpl - Try find bank id = '0'
2022-02-17 00:16:29.399 [main] INFO  com.mista1984.bank.service.BankServiceImpl - Find users in bank
2022-02-17 00:16:29.400 [main] INFO  com.mista1984.bank.service.BankServiceImpl - Find user in bank with id = 'Vpw2AS'
2022-02-17 00:16:29.400 [main] INFO  com.mista1984.bank.service.BankServiceImpl - Enter number of account:
2022-02-17 00:16:45.054 [main] INFO  com.mista1984.bank.service.BankServiceImpl - Try find bank account number= 'w924XmVZTo'
2022-02-17 00:16:45.055 [main] INFO  com.mista1984.bank.service.BankServiceImpl - Find bank account number= 'w924XmVZTo'
2022-02-17 00:16:45.055 [main] INFO  com.mista1984.bank.service.BankServiceImpl - Enter the amount you want to top up your account:
2022-02-17 00:16:49.137 [main] INFO  com.mista1984.bank.app.App - Enter 0 to exit the application
2022-02-17 00:16:49.137 [main] INFO  com.mista1984.bank.app.App - Enter 1 to show all banks
2022-02-17 00:16:49.138 [main] INFO  com.mista1984.bank.app.App - Enter 2 to add bank
2022-02-17 00:16:49.138 [main] INFO  com.mista1984.bank.app.App - Enter 3 to delete bank
2022-02-17 00:16:49.138 [main] INFO  com.mista1984.bank.app.App - Enter 4 to show users in the bank
2022-02-17 00:16:49.138 [main] INFO  com.mista1984.bank.app.App - Enter 5 to add the user in bank
2022-02-17 00:16:49.138 [main] INFO  com.mista1984.bank.app.App - Enter 6 to add user account
2022-02-17 00:16:49.139 [main] INFO  com.mista1984.bank.app.App - Enter 7 to top up account
2022-02-17 00:16:49.139 [main] INFO  com.mista1984.bank.app.App - Enter 8 to transfer money
2022-02-17 00:16:54.031 [main] INFO  com.mista1984.bank.app.App - Input id Bank for show users
2022-02-17 00:16:55.243 [main] INFO  com.mista1984.bank.service.BankServiceImpl - Showing users in bank
2022-02-17 00:16:55.243 [main] INFO  com.mista1984.bank.service.BankServiceImpl - [IndividualPerson{idUser='Vpw2AS', nameUser='Stas', bankAccountList=[BankAccount{numberOfBankAccount='w924XmVZTo', balance=37.5, currency=BYN}, BankAccount{numberOfBankAccount='RW6Estf0hP', balance=4750.0, currency=RUB}]}]
2022-02-17 00:16:55.244 [main] INFO  com.mista1984.bank.app.App - Enter 0 to exit the application
2022-02-17 00:16:55.244 [main] INFO  com.mista1984.bank.app.App - Enter 1 to show all banks
2022-02-17 00:16:55.244 [main] INFO  com.mista1984.bank.app.App - Enter 2 to add bank
2022-02-17 00:16:55.245 [main] INFO  com.mista1984.bank.app.App - Enter 3 to delete bank
2022-02-17 00:16:55.245 [main] INFO  com.mista1984.bank.app.App - Enter 4 to show users in the bank
2022-02-17 00:16:55.245 [main] INFO  com.mista1984.bank.app.App - Enter 5 to add the user in bank
2022-02-17 00:16:55.245 [main] INFO  com.mista1984.bank.app.App - Enter 6 to add user account
2022-02-17 00:16:55.245 [main] INFO  com.mista1984.bank.app.App - Enter 7 to top up account
2022-02-17 00:16:55.245 [main] INFO  com.mista1984.bank.app.App - Enter 8 to transfer money
2022-02-17 00:17:10.620 [main] INFO  com.mista1984.bank.app.App - Input id Bank for show users
2022-02-17 00:17:11.769 [main] INFO  com.mista1984.bank.service.BankServiceImpl - Showing users in bank
2022-02-17 00:17:11.770 [main] INFO  com.mista1984.bank.service.BankServiceImpl - [IndividualPerson{idUser='PFugF9', nameUser='Aliona', bankAccountList=[BankAccount{numberOfBankAccount='s1IIXOuLA3', balance=29.200000000000003, currency=BYN}, BankAccount{numberOfBankAccount='o0cC2ssdRY', balance=10065.0, currency=USD}]}]
2022-02-17 00:17:11.770 [main] INFO  com.mista1984.bank.app.App - Enter 0 to exit the application
2022-02-17 00:17:11.770 [main] INFO  com.mista1984.bank.app.App - Enter 1 to show all banks
2022-02-17 00:17:11.771 [main] INFO  com.mista1984.bank.app.App - Enter 2 to add bank
2022-02-17 00:17:11.771 [main] INFO  com.mista1984.bank.app.App - Enter 3 to delete bank
2022-02-17 00:17:11.772 [main] INFO  com.mista1984.bank.app.App - Enter 4 to show users in the bank
2022-02-17 00:17:11.772 [main] INFO  com.mista1984.bank.app.App - Enter 5 to add the user in bank
2022-02-17 00:17:11.772 [main] INFO  com.mista1984.bank.app.App - Enter 6 to add user account
2022-02-17 00:17:11.772 [main] INFO  com.mista1984.bank.app.App - Enter 7 to top up account
2022-02-17 00:17:11.773 [main] INFO  com.mista1984.bank.app.App - Enter 8 to transfer money
2022-02-17 00:18:20.160 [main] INFO  com.mista1984.bank.service.BankServiceImpl - Enter id Bank:
2022-02-17 00:18:22.986 [main] INFO  com.mista1984.bank.service.BankServiceImpl - Enter id user:
2022-02-17 00:18:47.212 [main] INFO  com.mista1984.bank.service.BankServiceImpl - Try find bank id = '0'
2022-02-17 00:18:47.212 [main] INFO  com.mista1984.bank.service.BankServiceImpl - Find users in bank
2022-02-17 00:18:47.212 [main] INFO  com.mista1984.bank.service.BankServiceImpl - Find user in bank with id = 'Vpw2AS'
2022-02-17 00:18:47.212 [main] INFO  com.mista1984.bank.service.BankServiceImpl - Enter currency account: BYN; RUB; USD;
2022-02-17 00:19:13.393 [main] INFO  com.mista1984.bank.service.BankServiceImpl - Account added
2022-02-17 00:19:13.394 [main] INFO  com.mista1984.bank.app.App - Enter 0 to exit the application
2022-02-17 00:19:13.394 [main] INFO  com.mista1984.bank.app.App - Enter 1 to show all banks
2022-02-17 00:19:13.394 [main] INFO  com.mista1984.bank.app.App - Enter 2 to add bank
2022-02-17 00:19:13.394 [main] INFO  com.mista1984.bank.app.App - Enter 3 to delete bank
2022-02-17 00:19:13.395 [main] INFO  com.mista1984.bank.app.App - Enter 4 to show users in the bank
2022-02-17 00:19:13.395 [main] INFO  com.mista1984.bank.app.App - Enter 5 to add the user in bank
2022-02-17 00:19:13.396 [main] INFO  com.mista1984.bank.app.App - Enter 6 to add user account
2022-02-17 00:19:13.396 [main] INFO  com.mista1984.bank.app.App - Enter 7 to top up account
2022-02-17 00:19:13.396 [main] INFO  com.mista1984.bank.app.App - Enter 8 to transfer money
2022-02-17 00:19:15.586 [main] INFO  com.mista1984.bank.app.App - Input id Bank for show users
2022-02-17 00:19:17.233 [main] INFO  com.mista1984.bank.service.BankServiceImpl - Showing users in bank
2022-02-17 00:19:17.234 [main] INFO  com.mista1984.bank.service.BankServiceImpl - [IndividualPerson{idUser='Vpw2AS', nameUser='Stas', bankAccountList=[BankAccount{numberOfBankAccount='w924XmVZTo', balance=37.5, currency=BYN}, BankAccount{numberOfBankAccount='RW6Estf0hP', balance=4750.0, currency=RUB}, BankAccount{numberOfBankAccount='3lBb6B6T0H', balance=0.0, currency=BYN}]}]
2022-02-17 00:19:17.234 [main] INFO  com.mista1984.bank.app.App - Enter 0 to exit the application
2022-02-17 00:19:17.234 [main] INFO  com.mista1984.bank.app.App - Enter 1 to show all banks
2022-02-17 00:19:17.234 [main] INFO  com.mista1984.bank.app.App - Enter 2 to add bank
2022-02-17 00:19:17.234 [main] INFO  com.mista1984.bank.app.App - Enter 3 to delete bank
2022-02-17 00:19:17.235 [main] INFO  com.mista1984.bank.app.App - Enter 4 to show users in the bank
2022-02-17 00:19:17.235 [main] INFO  com.mista1984.bank.app.App - Enter 5 to add the user in bank
2022-02-17 00:19:17.236 [main] INFO  com.mista1984.bank.app.App - Enter 6 to add user account
2022-02-17 00:19:17.236 [main] INFO  com.mista1984.bank.app.App - Enter 7 to top up account
2022-02-17 00:19:17.236 [main] INFO  com.mista1984.bank.app.App - Enter 8 to transfer money
2022-02-17 00:19:36.987 [main] INFO  com.mista1984.bank.app.App - Input the Bank id to add user
2022-02-17 00:19:38.904 [main] INFO  com.mista1984.bank.service.BankServiceImpl - Trying to get bank with id = '0'
2022-02-17 00:19:38.935 [main] INFO  com.mista1984.bank.service.BankServiceImpl - Bank{nameBank='PriorBank', id=0, interestRateForIndividuals=5.0, interestRateForOrganizations=7.0, userList=[IndividualPerson{idUser='Vpw2AS', nameUser='Stas', bankAccountList=[BankAccount{numberOfBankAccount='w924XmVZTo', balance=37.5, currency=BYN}, BankAccount{numberOfBankAccount='RW6Estf0hP', balance=4750.0, currency=RUB}, BankAccount{numberOfBankAccount='3lBb6B6T0H', balance=0.0, currency=BYN}]}]} is gotten
2022-02-17 00:19:38.936 [main] INFO  com.mista1984.bank.service.BankServiceImpl - Enter type of user: 1 - INDIVIDUAL PERSON; 2 - ORGANIZATION;
2022-02-17 00:19:41.577 [main] INFO  com.mista1984.bank.service.BankServiceImpl - Enter name of user:
2022-02-17 00:19:47.030 [main] INFO  com.mista1984.bank.service.BankServiceImpl - User added
2022-02-17 00:19:47.030 [main] INFO  com.mista1984.bank.app.App - Enter 0 to exit the application
2022-02-17 00:19:47.030 [main] INFO  com.mista1984.bank.app.App - Enter 1 to show all banks
2022-02-17 00:19:47.030 [main] INFO  com.mista1984.bank.app.App - Enter 2 to add bank
2022-02-17 00:19:47.031 [main] INFO  com.mista1984.bank.app.App - Enter 3 to delete bank
2022-02-17 00:19:47.031 [main] INFO  com.mista1984.bank.app.App - Enter 4 to show users in the bank
2022-02-17 00:19:47.031 [main] INFO  com.mista1984.bank.app.App - Enter 5 to add the user in bank
2022-02-17 00:19:47.032 [main] INFO  com.mista1984.bank.app.App - Enter 6 to add user account
2022-02-17 00:19:47.032 [main] INFO  com.mista1984.bank.app.App - Enter 7 to top up account
2022-02-17 00:19:47.032 [main] INFO  com.mista1984.bank.app.App - Enter 8 to transfer money
2022-02-17 00:20:03.917 [main] INFO  com.mista1984.bank.app.App - Input id Bank for show users
2022-02-17 00:20:05.312 [main] INFO  com.mista1984.bank.service.BankServiceImpl - Showing users in bank
2022-02-17 00:20:05.314 [main] INFO  com.mista1984.bank.service.BankServiceImpl - [IndividualPerson{idUser='Vpw2AS', nameUser='Stas', bankAccountList=[BankAccount{numberOfBankAccount='w924XmVZTo', balance=37.5, currency=BYN}, BankAccount{numberOfBankAccount='RW6Estf0hP', balance=4750.0, currency=RUB}, BankAccount{numberOfBankAccount='3lBb6B6T0H', balance=0.0, currency=BYN}]}, Orginization{idUser='oQnJIo', nameUser='Azot', bankAccountList=[BankAccount{numberOfBankAccount='NhVpVVLEiQ', balance=0.0, currency=BYN}]}]
2022-02-17 00:20:05.314 [main] INFO  com.mista1984.bank.app.App - Enter 0 to exit the application
2022-02-17 00:20:05.315 [main] INFO  com.mista1984.bank.app.App - Enter 1 to show all banks
2022-02-17 00:20:05.315 [main] INFO  com.mista1984.bank.app.App - Enter 2 to add bank
2022-02-17 00:20:05.315 [main] INFO  com.mista1984.bank.app.App - Enter 3 to delete bank
2022-02-17 00:20:05.316 [main] INFO  com.mista1984.bank.app.App - Enter 4 to show users in the bank
2022-02-17 00:20:05.316 [main] INFO  com.mista1984.bank.app.App - Enter 5 to add the user in bank
2022-02-17 00:20:05.316 [main] INFO  com.mista1984.bank.app.App - Enter 6 to add user account
2022-02-17 00:20:05.316 [main] INFO  com.mista1984.bank.app.App - Enter 7 to top up account
2022-02-17 00:20:05.316 [main] INFO  com.mista1984.bank.app.App - Enter 8 to transfer money
2022-02-17 00:20:16.725 [main] INFO  com.mista1984.bank.service.BankServiceImpl - Enter id Bank:
2022-02-17 00:20:18.590 [main] INFO  com.mista1984.bank.service.BankServiceImpl - Enter id user:
2022-02-17 00:20:32.445 [main] INFO  com.mista1984.bank.service.BankServiceImpl - Try find bank id = '0'
2022-02-17 00:20:32.446 [main] INFO  com.mista1984.bank.service.BankServiceImpl - Find users in bank
2022-02-17 00:20:32.446 [main] INFO  com.mista1984.bank.service.BankServiceImpl - Find user in bank with id = 'oQnJIo'
2022-02-17 00:20:32.446 [main] INFO  com.mista1984.bank.service.BankServiceImpl - Enter number of account:
2022-02-17 00:20:39.258 [main] INFO  com.mista1984.bank.service.BankServiceImpl - Try find bank account number= '10000'
2022-02-17 00:20:39.259 [main] INFO  com.mista1984.bank.service.BankServiceImpl - Enter the amount you want to top up your account:
2022-02-17 00:21:44.804 [main] INFO  com.mista1984.bank.io.SerializationUtils - Data is loaded.
2022-02-17 00:21:44.842 [main] INFO  com.mista1984.bank.app.App - Enter 0 to exit the application
2022-02-17 00:21:44.843 [main] INFO  com.mista1984.bank.app.App - Enter 1 to show all banks
2022-02-17 00:21:44.843 [main] INFO  com.mista1984.bank.app.App - Enter 2 to add bank
2022-02-17 00:21:44.844 [main] INFO  com.mista1984.bank.app.App - Enter 3 to delete bank
2022-02-17 00:21:44.844 [main] INFO  com.mista1984.bank.app.App - Enter 4 to show users in the bank
2022-02-17 00:21:44.844 [main] INFO  com.mista1984.bank.app.App - Enter 5 to add the user in bank
2022-02-17 00:21:44.845 [main] INFO  com.mista1984.bank.app.App - Enter 6 to add user account
2022-02-17 00:21:44.845 [main] INFO  com.mista1984.bank.app.App - Enter 7 to top up account
2022-02-17 00:21:44.845 [main] INFO  com.mista1984.bank.app.App - Enter 8 to transfer money
2022-02-17 00:21:51.326 [main] INFO  com.mista1984.bank.app.App - Input id Bank for show users
2022-02-17 00:21:52.806 [main] INFO  com.mista1984.bank.service.BankServiceImpl - Showing users in bank
2022-02-17 00:21:52.840 [main] INFO  com.mista1984.bank.service.BankServiceImpl - [IndividualPerson{idUser='Vpw2AS', nameUser='Stas', bankAccountList=[BankAccount{numberOfBankAccount='w924XmVZTo', balance=27.5, currency=BYN}, BankAccount{numberOfBankAccount='RW6Estf0hP', balance=4750.0, currency=RUB}]}]
2022-02-17 00:21:52.840 [main] INFO  com.mista1984.bank.app.App - Enter 0 to exit the application
2022-02-17 00:21:52.841 [main] INFO  com.mista1984.bank.app.App - Enter 1 to show all banks
2022-02-17 00:21:52.841 [main] INFO  com.mista1984.bank.app.App - Enter 2 to add bank
2022-02-17 00:21:52.842 [main] INFO  com.mista1984.bank.app.App - Enter 3 to delete bank
2022-02-17 00:21:52.843 [main] INFO  com.mista1984.bank.app.App - Enter 4 to show users in the bank
2022-02-17 00:21:52.843 [main] INFO  com.mista1984.bank.app.App - Enter 5 to add the user in bank
2022-02-17 00:21:52.843 [main] INFO  com.mista1984.bank.app.App - Enter 6 to add user account
2022-02-17 00:21:52.843 [main] INFO  com.mista1984.bank.app.App - Enter 7 to top up account
2022-02-17 00:21:52.844 [main] INFO  com.mista1984.bank.app.App - Enter 8 to transfer money
2022-02-17 00:22:23.684 [main] INFO  com.mista1984.bank.app.App - Input the Bank id to add user
2022-02-17 00:22:25.270 [main] INFO  com.mista1984.bank.service.BankServiceImpl - Trying to get bank with id = '0'
2022-02-17 00:22:25.296 [main] INFO  com.mista1984.bank.service.BankServiceImpl - Bank{nameBank='PriorBank', id=0, interestRateForIndividuals=5.0, interestRateForOrganizations=7.0, userList=[IndividualPerson{idUser='Vpw2AS', nameUser='Stas', bankAccountList=[BankAccount{numberOfBankAccount='w924XmVZTo', balance=27.5, currency=BYN}, BankAccount{numberOfBankAccount='RW6Estf0hP', balance=4750.0, currency=RUB}]}]} is gotten
2022-02-17 00:22:25.297 [main] INFO  com.mista1984.bank.service.BankServiceImpl - Enter type of user: 1 - INDIVIDUAL PERSON; 2 - ORGANIZATION;
2022-02-17 00:22:27.640 [main] INFO  com.mista1984.bank.service.BankServiceImpl - Enter name of user:
2022-02-17 00:22:34.433 [main] INFO  com.mista1984.bank.service.BankServiceImpl - User added
2022-02-17 00:22:34.433 [main] INFO  com.mista1984.bank.app.App - Enter 0 to exit the application
2022-02-17 00:22:34.433 [main] INFO  com.mista1984.bank.app.App - Enter 1 to show all banks
2022-02-17 00:22:34.434 [main] INFO  com.mista1984.bank.app.App - Enter 2 to add bank
2022-02-17 00:22:34.434 [main] INFO  com.mista1984.bank.app.App - Enter 3 to delete bank
2022-02-17 00:22:34.434 [main] INFO  com.mista1984.bank.app.App - Enter 4 to show users in the bank
2022-02-17 00:22:34.435 [main] INFO  com.mista1984.bank.app.App - Enter 5 to add the user in bank
2022-02-17 00:22:34.435 [main] INFO  com.mista1984.bank.app.App - Enter 6 to add user account
2022-02-17 00:22:34.435 [main] INFO  com.mista1984.bank.app.App - Enter 7 to top up account
2022-02-17 00:22:34.436 [main] INFO  com.mista1984.bank.app.App - Enter 8 to transfer money
2022-02-17 00:22:44.052 [main] INFO  com.mista1984.bank.app.App - Input id Bank for show users
2022-02-17 00:22:49.600 [main] INFO  com.mista1984.bank.service.BankServiceImpl - Showing users in bank
2022-02-17 00:22:49.602 [main] INFO  com.mista1984.bank.service.BankServiceImpl - [IndividualPerson{idUser='Vpw2AS', nameUser='Stas', bankAccountList=[BankAccount{numberOfBankAccount='w924XmVZTo', balance=27.5, currency=BYN}, BankAccount{numberOfBankAccount='RW6Estf0hP', balance=4750.0, currency=RUB}]}, Orginization{idUser='e1X9kM', nameUser='Azot', bankAccountList=[BankAccount{numberOfBankAccount='JTkWTOjJJg', balance=0.0, currency=BYN}]}]
2022-02-17 00:22:49.602 [main] INFO  com.mista1984.bank.app.App - Enter 0 to exit the application
2022-02-17 00:22:49.602 [main] INFO  com.mista1984.bank.app.App - Enter 1 to show all banks
2022-02-17 00:22:49.603 [main] INFO  com.mista1984.bank.app.App - Enter 2 to add bank
2022-02-17 00:22:49.603 [main] INFO  com.mista1984.bank.app.App - Enter 3 to delete bank
2022-02-17 00:22:49.604 [main] INFO  com.mista1984.bank.app.App - Enter 4 to show users in the bank
2022-02-17 00:22:49.604 [main] INFO  com.mista1984.bank.app.App - Enter 5 to add the user in bank
2022-02-17 00:22:49.604 [main] INFO  com.mista1984.bank.app.App - Enter 6 to add user account
2022-02-17 00:22:49.604 [main] INFO  com.mista1984.bank.app.App - Enter 7 to top up account
2022-02-17 00:22:49.605 [main] INFO  com.mista1984.bank.app.App - Enter 8 to transfer money
2022-02-17 00:23:02.781 [main] INFO  com.mista1984.bank.service.BankServiceImpl - Enter id Bank:
2022-02-17 00:23:04.424 [main] INFO  com.mista1984.bank.service.BankServiceImpl - Enter id user:
2022-02-17 00:23:16.362 [main] INFO  com.mista1984.bank.service.BankServiceImpl - Try find bank id = '0'
2022-02-17 00:23:16.363 [main] INFO  com.mista1984.bank.service.BankServiceImpl - Find users in bank
2022-02-17 00:23:16.363 [main] INFO  com.mista1984.bank.service.BankServiceImpl - Find user in bank with id = 'e1X9kM'
2022-02-17 00:23:16.364 [main] INFO  com.mista1984.bank.service.BankServiceImpl - Enter number of account:
2022-02-17 00:23:33.262 [main] INFO  com.mista1984.bank.service.BankServiceImpl - Try find bank account number= 'JTkWTOjJJg'
2022-02-17 00:23:33.263 [main] INFO  com.mista1984.bank.service.BankServiceImpl - Find bank account number= 'JTkWTOjJJg'
2022-02-17 00:23:33.263 [main] INFO  com.mista1984.bank.service.BankServiceImpl - Enter the amount you want to top up your account:
2022-02-17 00:23:36.687 [main] INFO  com.mista1984.bank.service.BankServiceImpl - balance updated
2022-02-17 00:23:36.687 [main] INFO  com.mista1984.bank.app.App - Enter 0 to exit the application
2022-02-17 00:23:36.687 [main] INFO  com.mista1984.bank.app.App - Enter 1 to show all banks
2022-02-17 00:23:36.687 [main] INFO  com.mista1984.bank.app.App - Enter 2 to add bank
2022-02-17 00:23:36.688 [main] INFO  com.mista1984.bank.app.App - Enter 3 to delete bank
2022-02-17 00:23:36.688 [main] INFO  com.mista1984.bank.app.App - Enter 4 to show users in the bank
2022-02-17 00:23:36.688 [main] INFO  com.mista1984.bank.app.App - Enter 5 to add the user in bank
2022-02-17 00:23:36.689 [main] INFO  com.mista1984.bank.app.App - Enter 6 to add user account
2022-02-17 00:23:36.689 [main] INFO  com.mista1984.bank.app.App - Enter 7 to top up account
2022-02-17 00:23:36.689 [main] INFO  com.mista1984.bank.app.App - Enter 8 to transfer money
2022-02-17 00:23:40.783 [main] INFO  com.mista1984.bank.app.App - Input id Bank for show users
2022-02-17 00:23:43.137 [main] INFO  com.mista1984.bank.service.BankServiceImpl - Showing users in bank
2022-02-17 00:23:43.138 [main] INFO  com.mista1984.bank.service.BankServiceImpl - [IndividualPerson{idUser='Vpw2AS', nameUser='Stas', bankAccountList=[BankAccount{numberOfBankAccount='w924XmVZTo', balance=27.5, currency=BYN}, BankAccount{numberOfBankAccount='RW6Estf0hP', balance=4750.0, currency=RUB}]}, Orginization{idUser='e1X9kM', nameUser='Azot', bankAccountList=[BankAccount{numberOfBankAccount='JTkWTOjJJg', balance=10000.0, currency=BYN}]}]
2022-02-17 00:23:43.138 [main] INFO  com.mista1984.bank.app.App - Enter 0 to exit the application
2022-02-17 00:23:43.139 [main] INFO  com.mista1984.bank.app.App - Enter 1 to show all banks
2022-02-17 00:23:43.139 [main] INFO  com.mista1984.bank.app.App - Enter 2 to add bank
2022-02-17 00:23:43.139 [main] INFO  com.mista1984.bank.app.App - Enter 3 to delete bank
2022-02-17 00:23:43.139 [main] INFO  com.mista1984.bank.app.App - Enter 4 to show users in the bank
2022-02-17 00:23:43.139 [main] INFO  com.mista1984.bank.app.App - Enter 5 to add the user in bank
2022-02-17 00:23:43.140 [main] INFO  com.mista1984.bank.app.App - Enter 6 to add user account
2022-02-17 00:23:43.140 [main] INFO  com.mista1984.bank.app.App - Enter 7 to top up account
2022-02-17 00:23:43.140 [main] INFO  com.mista1984.bank.app.App - Enter 8 to transfer money
2022-02-17 00:23:51.652 [main] INFO  com.mista1984.bank.app.App - Goodbye!
2022-02-17 00:23:51.742 [main] INFO  com.mista1984.bank.io.SerializationUtils - Data was saved.
2022-02-17 00:24:01.563 [main] INFO  com.mista1984.bank.io.SerializationUtils - Data is loaded.
2022-02-17 00:24:01.576 [main] INFO  com.mista1984.bank.app.App - Enter 0 to exit the application
2022-02-17 00:24:01.577 [main] INFO  com.mista1984.bank.app.App - Enter 1 to show all banks
2022-02-17 00:24:01.577 [main] INFO  com.mista1984.bank.app.App - Enter 2 to add bank
2022-02-17 00:24:01.577 [main] INFO  com.mista1984.bank.app.App - Enter 3 to delete bank
2022-02-17 00:24:01.578 [main] INFO  com.mista1984.bank.app.App - Enter 4 to show users in the bank
2022-02-17 00:24:01.578 [main] INFO  com.mista1984.bank.app.App - Enter 5 to add the user in bank
2022-02-17 00:24:01.578 [main] INFO  com.mista1984.bank.app.App - Enter 6 to add user account
2022-02-17 00:24:01.579 [main] INFO  com.mista1984.bank.app.App - Enter 7 to top up account
2022-02-17 00:24:01.579 [main] INFO  com.mista1984.bank.app.App - Enter 8 to transfer money
2022-02-17 00:24:06.561 [main] INFO  com.mista1984.bank.app.App - Input id Bank for show users
2022-02-17 00:24:08.367 [main] INFO  com.mista1984.bank.service.BankServiceImpl - Showing users in bank
2022-02-17 00:24:08.401 [main] INFO  com.mista1984.bank.service.BankServiceImpl - [IndividualPerson{idUser='Vpw2AS', nameUser='Stas', bankAccountList=[BankAccount{numberOfBankAccount='w924XmVZTo', balance=27.5, currency=BYN}, BankAccount{numberOfBankAccount='RW6Estf0hP', balance=4750.0, currency=RUB}]}, Orginization{idUser='e1X9kM', nameUser='Azot', bankAccountList=[BankAccount{numberOfBankAccount='JTkWTOjJJg', balance=10000.0, currency=BYN}]}]
2022-02-17 00:24:08.401 [main] INFO  com.mista1984.bank.app.App - Enter 0 to exit the application
2022-02-17 00:24:08.402 [main] INFO  com.mista1984.bank.app.App - Enter 1 to show all banks
2022-02-17 00:24:08.402 [main] INFO  com.mista1984.bank.app.App - Enter 2 to add bank
2022-02-17 00:24:08.402 [main] INFO  com.mista1984.bank.app.App - Enter 3 to delete bank
2022-02-17 00:24:08.402 [main] INFO  com.mista1984.bank.app.App - Enter 4 to show users in the bank
2022-02-17 00:24:08.402 [main] INFO  com.mista1984.bank.app.App - Enter 5 to add the user in bank
2022-02-17 00:24:08.403 [main] INFO  com.mista1984.bank.app.App - Enter 6 to add user account
2022-02-17 00:24:08.403 [main] INFO  com.mista1984.bank.app.App - Enter 7 to top up account
2022-02-17 00:24:08.403 [main] INFO  com.mista1984.bank.app.App - Enter 8 to transfer money
2022-02-17 00:24:10.128 [main] INFO  com.mista1984.bank.app.App - Input id Bank for show users
2022-02-17 00:24:11.301 [main] INFO  com.mista1984.bank.service.BankServiceImpl - Showing users in bank
2022-02-17 00:24:11.302 [main] INFO  com.mista1984.bank.service.BankServiceImpl - [IndividualPerson{idUser='PFugF9', nameUser='Aliona', bankAccountList=[BankAccount{numberOfBankAccount='s1IIXOuLA3', balance=39.6, currency=BYN}, BankAccount{numberOfBankAccount='o0cC2ssdRY', balance=10065.0, currency=USD}]}]
2022-02-17 00:24:11.302 [main] INFO  com.mista1984.bank.app.App - Enter 0 to exit the application
2022-02-17 00:24:11.302 [main] INFO  com.mista1984.bank.app.App - Enter 1 to show all banks
2022-02-17 00:24:11.302 [main] INFO  com.mista1984.bank.app.App - Enter 2 to add bank
2022-02-17 00:24:11.302 [main] INFO  com.mista1984.bank.app.App - Enter 3 to delete bank
2022-02-17 00:24:11.303 [main] INFO  com.mista1984.bank.app.App - Enter 4 to show users in the bank
2022-02-17 00:24:11.303 [main] INFO  com.mista1984.bank.app.App - Enter 5 to add the user in bank
2022-02-17 00:24:11.303 [main] INFO  com.mista1984.bank.app.App - Enter 6 to add user account
2022-02-17 00:24:11.303 [main] INFO  com.mista1984.bank.app.App - Enter 7 to top up account
2022-02-17 00:24:11.304 [main] INFO  com.mista1984.bank.app.App - Enter 8 to transfer money
2022-02-17 00:24:15.884 [main] INFO  com.mista1984.bank.service.BankServiceImpl - Enter the id of the bank from which you want to make a transfer:
2022-02-17 00:24:18.859 [main] INFO  com.mista1984.bank.service.BankServiceImpl - Enter the id of the user from which you want to make a transfer:
2022-02-17 00:24:34.319 [main] INFO  com.mista1984.bank.service.BankServiceImpl - Try find bank id = '0'
2022-02-17 00:24:34.319 [main] INFO  com.mista1984.bank.service.BankServiceImpl - Find users in bank
2022-02-17 00:24:34.319 [main] INFO  com.mista1984.bank.service.BankServiceImpl - Find user in bank with id = 'e1X9kM'
2022-02-17 00:24:34.320 [main] INFO  com.mista1984.bank.service.BankServiceImpl - Enter number of account:
2022-02-17 00:24:50.610 [main] INFO  com.mista1984.bank.service.BankServiceImpl - Try find bank account number= 'JTkWTOjJJg'
2022-02-17 00:24:50.611 [main] INFO  com.mista1984.bank.service.BankServiceImpl - Find bank account number= 'JTkWTOjJJg'
2022-02-17 00:24:50.611 [main] INFO  com.mista1984.bank.service.BankServiceImpl - Enter the id of the bank to which you want to transfer money:
2022-02-17 00:25:02.286 [main] INFO  com.mista1984.bank.service.BankServiceImpl - Enter the id of the user to which you want to transfer money:
2022-02-17 00:25:14.162 [main] INFO  com.mista1984.bank.service.BankServiceImpl - Try find bank id = '0'
2022-02-17 00:25:14.162 [main] INFO  com.mista1984.bank.service.BankServiceImpl - Find users in bank
2022-02-17 00:25:14.162 [main] INFO  com.mista1984.bank.service.BankServiceImpl - Find user in bank with id = 'Vpw2AS'
2022-02-17 00:25:14.163 [main] INFO  com.mista1984.bank.service.BankServiceImpl - Enter number of account:
2022-02-17 00:25:36.167 [main] INFO  com.mista1984.bank.service.BankServiceImpl - Try find bank account number= 'w924XmVZTo'
2022-02-17 00:25:36.168 [main] INFO  com.mista1984.bank.service.BankServiceImpl - Find bank account number= 'w924XmVZTo'
2022-02-17 00:25:36.168 [main] INFO  com.mista1984.bank.service.BankServiceImpl - Enter the amount you want to top up your account:
2022-02-17 00:25:42.413 [main] INFO  com.mista1984.bank.app.App - Enter 0 to exit the application
2022-02-17 00:25:42.414 [main] INFO  com.mista1984.bank.app.App - Enter 1 to show all banks
2022-02-17 00:25:42.414 [main] INFO  com.mista1984.bank.app.App - Enter 2 to add bank
2022-02-17 00:25:42.414 [main] INFO  com.mista1984.bank.app.App - Enter 3 to delete bank
2022-02-17 00:25:42.414 [main] INFO  com.mista1984.bank.app.App - Enter 4 to show users in the bank
2022-02-17 00:25:42.414 [main] INFO  com.mista1984.bank.app.App - Enter 5 to add the user in bank
2022-02-17 00:25:42.415 [main] INFO  com.mista1984.bank.app.App - Enter 6 to add user account
2022-02-17 00:25:42.415 [main] INFO  com.mista1984.bank.app.App - Enter 7 to top up account
2022-02-17 00:25:42.415 [main] INFO  com.mista1984.bank.app.App - Enter 8 to transfer money
2022-02-17 00:25:44.876 [main] INFO  com.mista1984.bank.app.App - Input id Bank for show users
2022-02-17 00:25:45.851 [main] INFO  com.mista1984.bank.service.BankServiceImpl - Showing users in bank
2022-02-17 00:25:45.852 [main] INFO  com.mista1984.bank.service.BankServiceImpl - [IndividualPerson{idUser='Vpw2AS', nameUser='Stas', bankAccountList=[BankAccount{numberOfBankAccount='w924XmVZTo', balance=1027.5, currency=BYN}, BankAccount{numberOfBankAccount='RW6Estf0hP', balance=4750.0, currency=RUB}]}, Orginization{idUser='e1X9kM', nameUser='Azot', bankAccountList=[BankAccount{numberOfBankAccount='JTkWTOjJJg', balance=8930.0, currency=BYN}]}]
2022-02-17 00:25:45.853 [main] INFO  com.mista1984.bank.app.App - Enter 0 to exit the application
2022-02-17 00:25:45.853 [main] INFO  com.mista1984.bank.app.App - Enter 1 to show all banks
2022-02-17 00:25:45.853 [main] INFO  com.mista1984.bank.app.App - Enter 2 to add bank
2022-02-17 00:25:45.853 [main] INFO  com.mista1984.bank.app.App - Enter 3 to delete bank
2022-02-17 00:25:45.854 [main] INFO  com.mista1984.bank.app.App - Enter 4 to show users in the bank
2022-02-17 00:25:45.854 [main] INFO  com.mista1984.bank.app.App - Enter 5 to add the user in bank
2022-02-17 00:25:45.854 [main] INFO  com.mista1984.bank.app.App - Enter 6 to add user account
2022-02-17 00:25:45.854 [main] INFO  com.mista1984.bank.app.App - Enter 7 to top up account
2022-02-17 00:25:45.855 [main] INFO  com.mista1984.bank.app.App - Enter 8 to transfer money
2022-02-17 00:26:25.349 [main] INFO  com.mista1984.bank.app.App - Goodbye!
2022-02-17 00:26:25.355 [main] INFO  com.mista1984.bank.io.SerializationUtils - Data was saved.
2022-02-17 00:26:34.426 [main] INFO  com.mista1984.bank.io.SerializationUtils - Data is loaded.
2022-02-17 00:26:34.442 [main] INFO  com.mista1984.bank.app.App - Enter 0 to exit the application
2022-02-17 00:26:34.443 [main] INFO  com.mista1984.bank.app.App - Enter 1 to show all banks
2022-02-17 00:26:34.443 [main] INFO  com.mista1984.bank.app.App - Enter 2 to add bank
2022-02-17 00:26:34.443 [main] INFO  com.mista1984.bank.app.App - Enter 3 to delete bank
2022-02-17 00:26:34.444 [main] INFO  com.mista1984.bank.app.App - Enter 4 to show users in the bank
2022-02-17 00:26:34.444 [main] INFO  com.mista1984.bank.app.App - Enter 5 to add the user in bank
2022-02-17 00:26:34.444 [main] INFO  com.mista1984.bank.app.App - Enter 6 to add user account
2022-02-17 00:26:34.445 [main] INFO  com.mista1984.bank.app.App - Enter 7 to top up account
2022-02-17 00:26:34.445 [main] INFO  com.mista1984.bank.app.App - Enter 8 to transfer money
2022-02-17 00:26:54.478 [main] INFO  com.mista1984.bank.app.App - Input id Bank for show users
2022-02-17 00:26:55.573 [main] INFO  com.mista1984.bank.service.BankServiceImpl - Showing users in bank
2022-02-17 00:26:55.607 [main] INFO  com.mista1984.bank.service.BankServiceImpl - [IndividualPerson{idUser='Vpw2AS', nameUser='Stas', bankAccountList=[BankAccount{numberOfBankAccount='w924XmVZTo', balance=1027.5, currency=BYN}, BankAccount{numberOfBankAccount='RW6Estf0hP', balance=4750.0, currency=RUB}]}, Orginization{idUser='e1X9kM', nameUser='Azot', bankAccountList=[BankAccount{numberOfBankAccount='JTkWTOjJJg', balance=8930.0, currency=BYN}]}]
2022-02-17 00:26:55.608 [main] INFO  com.mista1984.bank.app.App - Enter 0 to exit the application
2022-02-17 00:26:55.608 [main] INFO  com.mista1984.bank.app.App - Enter 1 to show all banks
2022-02-17 00:26:55.608 [main] INFO  com.mista1984.bank.app.App - Enter 2 to add bank
2022-02-17 00:26:55.608 [main] INFO  com.mista1984.bank.app.App - Enter 3 to delete bank
2022-02-17 00:26:55.608 [main] INFO  com.mista1984.bank.app.App - Enter 4 to show users in the bank
2022-02-17 00:26:55.609 [main] INFO  com.mista1984.bank.app.App - Enter 5 to add the user in bank
2022-02-17 00:26:55.609 [main] INFO  com.mista1984.bank.app.App - Enter 6 to add user account
2022-02-17 00:26:55.609 [main] INFO  com.mista1984.bank.app.App - Enter 7 to top up account
2022-02-17 00:26:55.609 [main] INFO  com.mista1984.bank.app.App - Enter 8 to transfer money
2022-02-17 00:26:57.219 [main] INFO  com.mista1984.bank.app.App - Input id Bank for show users
2022-02-17 00:26:58.872 [main] INFO  com.mista1984.bank.service.BankServiceImpl - Showing users in bank
2022-02-17 00:26:58.872 [main] INFO  com.mista1984.bank.service.BankServiceImpl - [IndividualPerson{idUser='PFugF9', nameUser='Aliona', bankAccountList=[BankAccount{numberOfBankAccount='s1IIXOuLA3', balance=39.6, currency=BYN}, BankAccount{numberOfBankAccount='o0cC2ssdRY', balance=10065.0, currency=USD}]}]
2022-02-17 00:26:58.872 [main] INFO  com.mista1984.bank.app.App - Enter 0 to exit the application
2022-02-17 00:26:58.873 [main] INFO  com.mista1984.bank.app.App - Enter 1 to show all banks
2022-02-17 00:26:58.873 [main] INFO  com.mista1984.bank.app.App - Enter 2 to add bank
2022-02-17 00:26:58.874 [main] INFO  com.mista1984.bank.app.App - Enter 3 to delete bank
2022-02-17 00:26:58.874 [main] INFO  com.mista1984.bank.app.App - Enter 4 to show users in the bank
2022-02-17 00:26:58.874 [main] INFO  com.mista1984.bank.app.App - Enter 5 to add the user in bank
2022-02-17 00:26:58.875 [main] INFO  com.mista1984.bank.app.App - Enter 6 to add user account
2022-02-17 00:26:58.875 [main] INFO  com.mista1984.bank.app.App - Enter 7 to top up account
2022-02-17 00:26:58.875 [main] INFO  com.mista1984.bank.app.App - Enter 8 to transfer money
2022-02-17 00:27:10.104 [main] INFO  com.mista1984.bank.app.App - Input the Bank id to add user
2022-02-17 00:27:13.919 [main] INFO  com.mista1984.bank.service.BankServiceImpl - Trying to get bank with id = '1'
2022-02-17 00:27:13.940 [main] INFO  com.mista1984.bank.service.BankServiceImpl - Bank{nameBank='BelarusBank', id=1, interestRateForIndividuals=4.0, interestRateForOrganizations=6.0, userList=[IndividualPerson{idUser='PFugF9', nameUser='Aliona', bankAccountList=[BankAccount{numberOfBankAccount='s1IIXOuLA3', balance=39.6, currency=BYN}, BankAccount{numberOfBankAccount='o0cC2ssdRY', balance=10065.0, currency=USD}]}]} is gotten
2022-02-17 00:27:13.941 [main] INFO  com.mista1984.bank.service.BankServiceImpl - Enter type of user: 1 - INDIVIDUAL PERSON; 2 - ORGANIZATION;
2022-02-17 00:27:16.798 [main] INFO  com.mista1984.bank.service.BankServiceImpl - Enter name of user:
2022-02-17 00:27:23.655 [main] INFO  com.mista1984.bank.service.BankServiceImpl - User added
2022-02-17 00:27:23.656 [main] INFO  com.mista1984.bank.app.App - Enter 0 to exit the application
2022-02-17 00:27:23.656 [main] INFO  com.mista1984.bank.app.App - Enter 1 to show all banks
2022-02-17 00:27:23.656 [main] INFO  com.mista1984.bank.app.App - Enter 2 to add bank
2022-02-17 00:27:23.656 [main] INFO  com.mista1984.bank.app.App - Enter 3 to delete bank
2022-02-17 00:27:23.657 [main] INFO  com.mista1984.bank.app.App - Enter 4 to show users in the bank
2022-02-17 00:27:23.657 [main] INFO  com.mista1984.bank.app.App - Enter 5 to add the user in bank
2022-02-17 00:27:23.657 [main] INFO  com.mista1984.bank.app.App - Enter 6 to add user account
2022-02-17 00:27:23.658 [main] INFO  com.mista1984.bank.app.App - Enter 7 to top up account
2022-02-17 00:27:23.658 [main] INFO  com.mista1984.bank.app.App - Enter 8 to transfer money
2022-02-17 00:27:30.286 [main] INFO  com.mista1984.bank.app.App - Input id Bank for show users
2022-02-17 00:27:31.174 [main] INFO  com.mista1984.bank.service.BankServiceImpl - Showing users in bank
2022-02-17 00:27:31.176 [main] INFO  com.mista1984.bank.service.BankServiceImpl - [IndividualPerson{idUser='PFugF9', nameUser='Aliona', bankAccountList=[BankAccount{numberOfBankAccount='s1IIXOuLA3', balance=39.6, currency=BYN}, BankAccount{numberOfBankAccount='o0cC2ssdRY', balance=10065.0, currency=USD}]}, Orginization{idUser='Z5DJhH', nameUser='Biocom', bankAccountList=[BankAccount{numberOfBankAccount='JcXVxnf2ch', balance=0.0, currency=BYN}]}]
2022-02-17 00:27:31.177 [main] INFO  com.mista1984.bank.app.App - Enter 0 to exit the application
2022-02-17 00:27:31.177 [main] INFO  com.mista1984.bank.app.App - Enter 1 to show all banks
2022-02-17 00:27:31.178 [main] INFO  com.mista1984.bank.app.App - Enter 2 to add bank
2022-02-17 00:27:31.178 [main] INFO  com.mista1984.bank.app.App - Enter 3 to delete bank
2022-02-17 00:27:31.178 [main] INFO  com.mista1984.bank.app.App - Enter 4 to show users in the bank
2022-02-17 00:27:31.179 [main] INFO  com.mista1984.bank.app.App - Enter 5 to add the user in bank
2022-02-17 00:27:31.179 [main] INFO  com.mista1984.bank.app.App - Enter 6 to add user account
2022-02-17 00:27:31.179 [main] INFO  com.mista1984.bank.app.App - Enter 7 to top up account
2022-02-17 00:27:31.180 [main] INFO  com.mista1984.bank.app.App - Enter 8 to transfer money
2022-02-17 00:27:49.342 [main] INFO  com.mista1984.bank.service.BankServiceImpl - Enter id Bank:
2022-02-17 00:27:51.271 [main] INFO  com.mista1984.bank.service.BankServiceImpl - Enter id user:
2022-02-17 00:28:04.274 [main] INFO  com.mista1984.bank.service.BankServiceImpl - Try find bank id = '1'
2022-02-17 00:28:04.275 [main] INFO  com.mista1984.bank.service.BankServiceImpl - Find users in bank
2022-02-17 00:28:04.275 [main] INFO  com.mista1984.bank.service.BankServiceImpl - Find user in bank with id = 'Z5DJhH'
2022-02-17 00:28:04.275 [main] INFO  com.mista1984.bank.service.BankServiceImpl - Enter currency account: BYN; RUB; USD;
2022-02-17 00:28:12.905 [main] INFO  com.mista1984.bank.service.BankServiceImpl - Account added
2022-02-17 00:28:12.906 [main] INFO  com.mista1984.bank.app.App - Enter 0 to exit the application
2022-02-17 00:28:12.906 [main] INFO  com.mista1984.bank.app.App - Enter 1 to show all banks
2022-02-17 00:28:12.906 [main] INFO  com.mista1984.bank.app.App - Enter 2 to add bank
2022-02-17 00:28:12.907 [main] INFO  com.mista1984.bank.app.App - Enter 3 to delete bank
2022-02-17 00:28:12.907 [main] INFO  com.mista1984.bank.app.App - Enter 4 to show users in the bank
2022-02-17 00:28:12.908 [main] INFO  com.mista1984.bank.app.App - Enter 5 to add the user in bank
2022-02-17 00:28:12.908 [main] INFO  com.mista1984.bank.app.App - Enter 6 to add user account
2022-02-17 00:28:12.908 [main] INFO  com.mista1984.bank.app.App - Enter 7 to top up account
2022-02-17 00:28:12.909 [main] INFO  com.mista1984.bank.app.App - Enter 8 to transfer money
2022-02-17 00:28:19.198 [main] INFO  com.mista1984.bank.app.App - Input id Bank for show users
2022-02-17 00:28:20.323 [main] INFO  com.mista1984.bank.service.BankServiceImpl - Showing users in bank
2022-02-17 00:28:20.324 [main] INFO  com.mista1984.bank.service.BankServiceImpl - [IndividualPerson{idUser='PFugF9', nameUser='Aliona', bankAccountList=[BankAccount{numberOfBankAccount='s1IIXOuLA3', balance=39.6, currency=BYN}, BankAccount{numberOfBankAccount='o0cC2ssdRY', balance=10065.0, currency=USD}]}, Orginization{idUser='Z5DJhH', nameUser='Biocom', bankAccountList=[BankAccount{numberOfBankAccount='JcXVxnf2ch', balance=0.0, currency=BYN}, BankAccount{numberOfBankAccount='1hbKF0Dakv', balance=0.0, currency=USD}]}]
2022-02-17 00:28:20.324 [main] INFO  com.mista1984.bank.app.App - Enter 0 to exit the application
2022-02-17 00:28:20.324 [main] INFO  com.mista1984.bank.app.App - Enter 1 to show all banks
2022-02-17 00:28:20.324 [main] INFO  com.mista1984.bank.app.App - Enter 2 to add bank
2022-02-17 00:28:20.324 [main] INFO  com.mista1984.bank.app.App - Enter 3 to delete bank
2022-02-17 00:28:20.325 [main] INFO  com.mista1984.bank.app.App - Enter 4 to show users in the bank
2022-02-17 00:28:20.325 [main] INFO  com.mista1984.bank.app.App - Enter 5 to add the user in bank
2022-02-17 00:28:20.325 [main] INFO  com.mista1984.bank.app.App - Enter 6 to add user account
2022-02-17 00:28:20.325 [main] INFO  com.mista1984.bank.app.App - Enter 7 to top up account
2022-02-17 00:28:20.325 [main] INFO  com.mista1984.bank.app.App - Enter 8 to transfer money
2022-02-17 00:28:38.922 [main] INFO  com.mista1984.bank.app.App - Goodbye!
2022-02-17 00:28:38.928 [main] INFO  com.mista1984.bank.io.SerializationUtils - Data was saved.
2022-02-17 00:33:03.218 [main] INFO  com.mista1984.bank.io.SerializationUtils - Data is loaded.
2022-02-17 00:33:03.232 [main] INFO  com.mista1984.bank.app.App - Enter 0 to exit the application
2022-02-17 00:33:03.232 [main] INFO  com.mista1984.bank.app.App - Enter 1 to show all banks
2022-02-17 00:33:03.233 [main] INFO  com.mista1984.bank.app.App - Enter 2 to add bank
2022-02-17 00:33:03.233 [main] INFO  com.mista1984.bank.app.App - Enter 3 to delete bank
2022-02-17 00:33:03.233 [main] INFO  com.mista1984.bank.app.App - Enter 4 to show users in the bank
2022-02-17 00:33:03.234 [main] INFO  com.mista1984.bank.app.App - Enter 5 to add the user in bank
2022-02-17 00:33:03.234 [main] INFO  com.mista1984.bank.app.App - Enter 6 to add user account
2022-02-17 00:33:03.235 [main] INFO  com.mista1984.bank.app.App - Enter 7 to top up account
2022-02-17 00:33:03.236 [main] INFO  com.mista1984.bank.app.App - Enter 8 to transfer money
2022-02-17 00:33:07.580 [main] INFO  com.mista1984.bank.app.App - Input id Bank for show users
2022-02-17 00:33:09.992 [main] INFO  com.mista1984.bank.service.BankServiceImpl - Showing users in bank
2022-02-17 00:33:10.027 [main] INFO  com.mista1984.bank.service.BankServiceImpl - [IndividualPerson{idUser='Vpw2AS', nameUser='Stas', bankAccountList=[BankAccount{numberOfBankAccount='w924XmVZTo', balance=1027.5, currency=BYN}, BankAccount{numberOfBankAccount='RW6Estf0hP', balance=4750.0, currency=RUB}]}
, Orginization{idUser='e1X9kM', nameUser='Azot', bankAccountList=[BankAccount{numberOfBankAccount='JTkWTOjJJg', balance=8930.0, currency=BYN}]}
]
2022-02-17 00:33:10.028 [main] INFO  com.mista1984.bank.app.App - Enter 0 to exit the application
2022-02-17 00:33:10.028 [main] INFO  com.mista1984.bank.app.App - Enter 1 to show all banks
2022-02-17 00:33:10.028 [main] INFO  com.mista1984.bank.app.App - Enter 2 to add bank
2022-02-17 00:33:10.029 [main] INFO  com.mista1984.bank.app.App - Enter 3 to delete bank
2022-02-17 00:33:10.029 [main] INFO  com.mista1984.bank.app.App - Enter 4 to show users in the bank
2022-02-17 00:33:10.029 [main] INFO  com.mista1984.bank.app.App - Enter 5 to add the user in bank
2022-02-17 00:33:10.029 [main] INFO  com.mista1984.bank.app.App - Enter 6 to add user account
2022-02-17 00:33:10.030 [main] INFO  com.mista1984.bank.app.App - Enter 7 to top up account
2022-02-17 00:33:10.030 [main] INFO  com.mista1984.bank.app.App - Enter 8 to transfer money
2022-02-17 00:33:33.890 [main] INFO  com.mista1984.bank.app.App - Input id Bank for show users
2022-02-17 00:33:35.436 [main] INFO  com.mista1984.bank.service.BankServiceImpl - Showing users in bank
2022-02-17 00:33:35.437 [main] INFO  com.mista1984.bank.service.BankServiceImpl - [IndividualPerson{idUser='PFugF9', nameUser='Aliona', bankAccountList=[BankAccount{numberOfBankAccount='s1IIXOuLA3', balance=39.6, currency=BYN}, BankAccount{numberOfBankAccount='o0cC2ssdRY', balance=10065.0, currency=USD}]}
, Orginization{idUser='Z5DJhH', nameUser='Biocom', bankAccountList=[BankAccount{numberOfBankAccount='JcXVxnf2ch', balance=0.0, currency=BYN}, BankAccount{numberOfBankAccount='1hbKF0Dakv', balance=0.0, currency=USD}]}
]
2022-02-17 00:33:35.437 [main] INFO  com.mista1984.bank.app.App - Enter 0 to exit the application
2022-02-17 00:33:35.438 [main] INFO  com.mista1984.bank.app.App - Enter 1 to show all banks
2022-02-17 00:33:35.438 [main] INFO  com.mista1984.bank.app.App - Enter 2 to add bank
2022-02-17 00:33:35.439 [main] INFO  com.mista1984.bank.app.App - Enter 3 to delete bank
2022-02-17 00:33:35.439 [main] INFO  com.mista1984.bank.app.App - Enter 4 to show users in the bank
2022-02-17 00:33:35.439 [main] INFO  com.mista1984.bank.app.App - Enter 5 to add the user in bank
2022-02-17 00:33:35.440 [main] INFO  com.mista1984.bank.app.App - Enter 6 to add user account
2022-02-17 00:33:35.440 [main] INFO  com.mista1984.bank.app.App - Enter 7 to top up account
2022-02-17 00:33:35.440 [main] INFO  com.mista1984.bank.app.App - Enter 8 to transfer money
2022-02-17 00:33:53.158 [main] INFO  com.mista1984.bank.service.BankServiceImpl - Enter id Bank:
2022-02-17 00:33:55.718 [main] INFO  com.mista1984.bank.service.BankServiceImpl - Enter id user:
2022-02-17 00:34:06.966 [main] INFO  com.mista1984.bank.service.BankServiceImpl - Try find bank id = '1'
2022-02-17 00:34:06.966 [main] INFO  com.mista1984.bank.service.BankServiceImpl - Find users in bank
2022-02-17 00:34:06.966 [main] INFO  com.mista1984.bank.service.BankServiceImpl - Find user in bank with id = 'Z5DJhH'
2022-02-17 00:34:06.967 [main] INFO  com.mista1984.bank.service.BankServiceImpl - Enter number of account:
2022-02-17 00:34:26.910 [main] INFO  com.mista1984.bank.service.BankServiceImpl - Try find bank account number= '1hbKF0Dakv'
2022-02-17 00:34:26.910 [main] INFO  com.mista1984.bank.service.BankServiceImpl - Find bank account number= '1hbKF0Dakv'
2022-02-17 00:34:26.911 [main] INFO  com.mista1984.bank.service.BankServiceImpl - Enter the amount you want to top up your account:
2022-02-17 00:34:33.934 [main] INFO  com.mista1984.bank.service.BankServiceImpl - balance updated
2022-02-17 00:34:33.934 [main] INFO  com.mista1984.bank.app.App - Enter 0 to exit the application
2022-02-17 00:34:33.934 [main] INFO  com.mista1984.bank.app.App - Enter 1 to show all banks
2022-02-17 00:34:33.935 [main] INFO  com.mista1984.bank.app.App - Enter 2 to add bank
2022-02-17 00:34:33.935 [main] INFO  com.mista1984.bank.app.App - Enter 3 to delete bank
2022-02-17 00:34:33.936 [main] INFO  com.mista1984.bank.app.App - Enter 4 to show users in the bank
2022-02-17 00:34:33.936 [main] INFO  com.mista1984.bank.app.App - Enter 5 to add the user in bank
2022-02-17 00:34:33.936 [main] INFO  com.mista1984.bank.app.App - Enter 6 to add user account
2022-02-17 00:34:33.936 [main] INFO  com.mista1984.bank.app.App - Enter 7 to top up account
2022-02-17 00:34:33.937 [main] INFO  com.mista1984.bank.app.App - Enter 8 to transfer money
2022-02-17 00:34:36.474 [main] INFO  com.mista1984.bank.app.App - Input id Bank for show users
2022-02-17 00:34:37.968 [main] INFO  com.mista1984.bank.service.BankServiceImpl - Showing users in bank
2022-02-17 00:34:37.968 [main] INFO  com.mista1984.bank.service.BankServiceImpl - [IndividualPerson{idUser='PFugF9', nameUser='Aliona', bankAccountList=[BankAccount{numberOfBankAccount='s1IIXOuLA3', balance=39.6, currency=BYN}, BankAccount{numberOfBankAccount='o0cC2ssdRY', balance=10065.0, currency=USD}]}
, Orginization{idUser='Z5DJhH', nameUser='Biocom', bankAccountList=[BankAccount{numberOfBankAccount='JcXVxnf2ch', balance=0.0, currency=BYN}, BankAccount{numberOfBankAccount='1hbKF0Dakv', balance=10000.0, currency=USD}]}
]
2022-02-17 00:34:37.969 [main] INFO  com.mista1984.bank.app.App - Enter 0 to exit the application
2022-02-17 00:34:37.969 [main] INFO  com.mista1984.bank.app.App - Enter 1 to show all banks
2022-02-17 00:34:37.969 [main] INFO  com.mista1984.bank.app.App - Enter 2 to add bank
2022-02-17 00:34:37.970 [main] INFO  com.mista1984.bank.app.App - Enter 3 to delete bank
2022-02-17 00:34:37.970 [main] INFO  com.mista1984.bank.app.App - Enter 4 to show users in the bank
2022-02-17 00:34:37.970 [main] INFO  com.mista1984.bank.app.App - Enter 5 to add the user in bank
2022-02-17 00:34:37.970 [main] INFO  com.mista1984.bank.app.App - Enter 6 to add user account
2022-02-17 00:34:37.971 [main] INFO  com.mista1984.bank.app.App - Enter 7 to top up account
2022-02-17 00:34:37.971 [main] INFO  com.mista1984.bank.app.App - Enter 8 to transfer money
2022-02-17 00:34:53.131 [main] INFO  com.mista1984.bank.service.BankServiceImpl - Enter the id of the bank from which you want to make a transfer:
2022-02-17 00:34:56.077 [main] INFO  com.mista1984.bank.service.BankServiceImpl - Enter the id of the user from which you want to make a transfer:
2022-02-17 00:35:05.214 [main] INFO  com.mista1984.bank.service.BankServiceImpl - Try find bank id = '1'
2022-02-17 00:35:05.215 [main] INFO  com.mista1984.bank.service.BankServiceImpl - Find users in bank
2022-02-17 00:35:05.215 [main] INFO  com.mista1984.bank.service.BankServiceImpl - Find user in bank with id = 'Z5DJhH'
2022-02-17 00:35:05.215 [main] INFO  com.mista1984.bank.service.BankServiceImpl - Enter number of account:
2022-02-17 00:35:20.935 [main] INFO  com.mista1984.bank.service.BankServiceImpl - Try find bank account number= '1hbKF0Dakv'
2022-02-17 00:35:20.935 [main] INFO  com.mista1984.bank.service.BankServiceImpl - Find bank account number= '1hbKF0Dakv'
2022-02-17 00:35:20.935 [main] INFO  com.mista1984.bank.service.BankServiceImpl - Enter the id of the bank to which you want to transfer money:
2022-02-17 00:35:25.003 [main] INFO  com.mista1984.bank.service.BankServiceImpl - Enter the id of the user to which you want to transfer money:
2022-02-17 00:35:49.210 [main] INFO  com.mista1984.bank.service.BankServiceImpl - Try find bank id = '0'
2022-02-17 00:35:49.211 [main] INFO  com.mista1984.bank.service.BankServiceImpl - Find users in bank
2022-02-17 00:35:49.211 [main] INFO  com.mista1984.bank.service.BankServiceImpl - Find user in bank with id = 'e1X9kM'
2022-02-17 00:35:49.211 [main] INFO  com.mista1984.bank.service.BankServiceImpl - Enter number of account:
2022-02-17 00:36:21.889 [main] INFO  com.mista1984.bank.service.BankServiceImpl - Try find bank account number= 'JTkWTOjJJg'
2022-02-17 00:36:21.890 [main] INFO  com.mista1984.bank.service.BankServiceImpl - Find bank account number= 'JTkWTOjJJg'
2022-02-17 00:36:21.890 [main] INFO  com.mista1984.bank.service.BankServiceImpl - Enter the amount you want to top up your account:
2022-02-17 00:36:29.945 [main] INFO  com.mista1984.bank.app.App - Enter 0 to exit the application
2022-02-17 00:36:29.946 [main] INFO  com.mista1984.bank.app.App - Enter 1 to show all banks
2022-02-17 00:36:29.946 [main] INFO  com.mista1984.bank.app.App - Enter 2 to add bank
2022-02-17 00:36:29.947 [main] INFO  com.mista1984.bank.app.App - Enter 3 to delete bank
2022-02-17 00:36:29.947 [main] INFO  com.mista1984.bank.app.App - Enter 4 to show users in the bank
2022-02-17 00:36:29.947 [main] INFO  com.mista1984.bank.app.App - Enter 5 to add the user in bank
2022-02-17 00:36:29.947 [main] INFO  com.mista1984.bank.app.App - Enter 6 to add user account
2022-02-17 00:36:29.948 [main] INFO  com.mista1984.bank.app.App - Enter 7 to top up account
2022-02-17 00:36:29.948 [main] INFO  com.mista1984.bank.app.App - Enter 8 to transfer money
2022-02-17 00:36:34.653 [main] INFO  com.mista1984.bank.app.App - Input id Bank for show users
2022-02-17 00:36:36.056 [main] INFO  com.mista1984.bank.service.BankServiceImpl - Showing users in bank
2022-02-17 00:36:36.057 [main] INFO  com.mista1984.bank.service.BankServiceImpl - [IndividualPerson{idUser='PFugF9', nameUser='Aliona', bankAccountList=[BankAccount{numberOfBankAccount='s1IIXOuLA3', balance=39.6, currency=BYN}, BankAccount{numberOfBankAccount='o0cC2ssdRY', balance=10065.0, currency=USD}]}
, Orginization{idUser='Z5DJhH', nameUser='Biocom', bankAccountList=[BankAccount{numberOfBankAccount='JcXVxnf2ch', balance=0.0, currency=BYN}, BankAccount{numberOfBankAccount='1hbKF0Dakv', balance=4700.0, currency=USD}]}
]
2022-02-17 00:36:36.057 [main] INFO  com.mista1984.bank.app.App - Enter 0 to exit the application
2022-02-17 00:36:36.057 [main] INFO  com.mista1984.bank.app.App - Enter 1 to show all banks
2022-02-17 00:36:36.058 [main] INFO  com.mista1984.bank.app.App - Enter 2 to add bank
2022-02-17 00:36:36.058 [main] INFO  com.mista1984.bank.app.App - Enter 3 to delete bank
2022-02-17 00:36:36.059 [main] INFO  com.mista1984.bank.app.App - Enter 4 to show users in the bank
2022-02-17 00:36:36.059 [main] INFO  com.mista1984.bank.app.App - Enter 5 to add the user in bank
2022-02-17 00:36:36.059 [main] INFO  com.mista1984.bank.app.App - Enter 6 to add user account
2022-02-17 00:36:36.059 [main] INFO  com.mista1984.bank.app.App - Enter 7 to top up account
2022-02-17 00:36:36.060 [main] INFO  com.mista1984.bank.app.App - Enter 8 to transfer money
2022-02-17 00:37:27.276 [main] INFO  com.mista1984.bank.app.App - Input id Bank for show users
2022-02-17 00:37:29.919 [main] INFO  com.mista1984.bank.service.BankServiceImpl - Showing users in bank
2022-02-17 00:37:29.919 [main] INFO  com.mista1984.bank.service.BankServiceImpl - [IndividualPerson{idUser='Vpw2AS', nameUser='Stas', bankAccountList=[BankAccount{numberOfBankAccount='w924XmVZTo', balance=1027.5, currency=BYN}, BankAccount{numberOfBankAccount='RW6Estf0hP', balance=4750.0, currency=RUB}]}
, Orginization{idUser='e1X9kM', nameUser='Azot', bankAccountList=[BankAccount{numberOfBankAccount='JTkWTOjJJg', balance=21730.0, currency=BYN}]}
]
2022-02-17 00:37:29.919 [main] INFO  com.mista1984.bank.app.App - Enter 0 to exit the application
2022-02-17 00:37:29.919 [main] INFO  com.mista1984.bank.app.App - Enter 1 to show all banks
2022-02-17 00:37:29.920 [main] INFO  com.mista1984.bank.app.App - Enter 2 to add bank
2022-02-17 00:37:29.920 [main] INFO  com.mista1984.bank.app.App - Enter 3 to delete bank
2022-02-17 00:37:29.920 [main] INFO  com.mista1984.bank.app.App - Enter 4 to show users in the bank
2022-02-17 00:37:29.920 [main] INFO  com.mista1984.bank.app.App - Enter 5 to add the user in bank
2022-02-17 00:37:29.921 [main] INFO  com.mista1984.bank.app.App - Enter 6 to add user account
2022-02-17 00:37:29.921 [main] INFO  com.mista1984.bank.app.App - Enter 7 to top up account
2022-02-17 00:37:29.921 [main] INFO  com.mista1984.bank.app.App - Enter 8 to transfer money
2022-02-17 00:38:26.706 [main] INFO  com.mista1984.bank.app.App - Goodbye!
2022-02-17 00:38:26.712 [main] INFO  com.mista1984.bank.io.SerializationUtils - Data was saved.
2022-02-17 00:55:27.622 [main] INFO  com.mista1984.bank.io.SerializationUtils - Data is loaded.
2022-02-17 00:55:27.647 [main] INFO  com.mista1984.bank.app.AppRun - Enter 0 to exit the application
2022-02-17 00:55:27.647 [main] INFO  com.mista1984.bank.app.AppRun - Enter 1 to show all banks
2022-02-17 00:55:27.647 [main] INFO  com.mista1984.bank.app.AppRun - Enter 2 to add bank
2022-02-17 00:55:27.648 [main] INFO  com.mista1984.bank.app.AppRun - Enter 3 to delete bank
2022-02-17 00:55:27.648 [main] INFO  com.mista1984.bank.app.AppRun - Enter 4 to show users in the bank
2022-02-17 00:55:27.649 [main] INFO  com.mista1984.bank.app.AppRun - Enter 5 to add the user in bank
2022-02-17 00:55:27.649 [main] INFO  com.mista1984.bank.app.AppRun - Enter 6 to add user account
2022-02-17 00:55:27.649 [main] INFO  com.mista1984.bank.app.AppRun - Enter 7 to top up account
2022-02-17 00:55:27.650 [main] INFO  com.mista1984.bank.app.AppRun - Enter 8 to transfer money
2022-02-17 00:55:33.299 [main] INFO  com.mista1984.bank.service.BankServiceImpl - Showing info about bank
2022-02-17 00:55:33.310 [main] INFO  com.mista1984.bank.service.BankServiceImpl - PriorBank, id: 0
2022-02-17 00:55:33.311 [main] INFO  com.mista1984.bank.service.BankServiceImpl - BelarusBank, id: 1
2022-02-17 00:55:33.311 [main] INFO  com.mista1984.bank.app.AppRun - Enter 0 to exit the application
2022-02-17 00:55:33.311 [main] INFO  com.mista1984.bank.app.AppRun - Enter 1 to show all banks
2022-02-17 00:55:33.311 [main] INFO  com.mista1984.bank.app.AppRun - Enter 2 to add bank
2022-02-17 00:55:33.312 [main] INFO  com.mista1984.bank.app.AppRun - Enter 3 to delete bank
2022-02-17 00:55:33.312 [main] INFO  com.mista1984.bank.app.AppRun - Enter 4 to show users in the bank
2022-02-17 00:55:33.312 [main] INFO  com.mista1984.bank.app.AppRun - Enter 5 to add the user in bank
2022-02-17 00:55:33.312 [main] INFO  com.mista1984.bank.app.AppRun - Enter 6 to add user account
2022-02-17 00:55:33.313 [main] INFO  com.mista1984.bank.app.AppRun - Enter 7 to top up account
2022-02-17 00:55:33.313 [main] INFO  com.mista1984.bank.app.AppRun - Enter 8 to transfer money
2022-02-17 00:55:50.262 [main] INFO  com.mista1984.bank.service.BankServiceImpl - Input information about Bank
2022-02-17 00:55:50.263 [main] INFO  com.mista1984.bank.service.BankServiceImpl - Name: 
2022-02-17 00:56:51.086 [main] INFO  com.mista1984.bank.service.BankServiceImpl - Interest rate for individuals: 
2022-02-17 00:57:17.725 [main] INFO  com.mista1984.bank.service.BankServiceImpl - Interest rate for organizations: 
2022-02-17 00:57:20.540 [main] INFO  com.mista1984.bank.service.BankServiceImpl - Trying to save bank: Bank{nameBank='AlfaBank', id=0, interestRateForIndividuals=3.0, interestRateForOrganizations=5.0, userList=[]}
2022-02-17 00:57:20.540 [main] INFO  com.mista1984.bank.service.BankServiceImpl - Bank was saved: Bank{nameBank='AlfaBank', id=2, interestRateForIndividuals=3.0, interestRateForOrganizations=5.0, userList=[]}
2022-02-17 00:57:20.540 [main] INFO  com.mista1984.bank.app.AppRun - Enter 0 to exit the application
2022-02-17 00:57:20.541 [main] INFO  com.mista1984.bank.app.AppRun - Enter 1 to show all banks
2022-02-17 00:57:20.541 [main] INFO  com.mista1984.bank.app.AppRun - Enter 2 to add bank
2022-02-17 00:57:20.541 [main] INFO  com.mista1984.bank.app.AppRun - Enter 3 to delete bank
2022-02-17 00:57:20.541 [main] INFO  com.mista1984.bank.app.AppRun - Enter 4 to show users in the bank
2022-02-17 00:57:20.542 [main] INFO  com.mista1984.bank.app.AppRun - Enter 5 to add the user in bank
2022-02-17 00:57:20.542 [main] INFO  com.mista1984.bank.app.AppRun - Enter 6 to add user account
2022-02-17 00:57:20.542 [main] INFO  com.mista1984.bank.app.AppRun - Enter 7 to top up account
2022-02-17 00:57:20.542 [main] INFO  com.mista1984.bank.app.AppRun - Enter 8 to transfer money
2022-02-17 00:57:24.915 [main] INFO  com.mista1984.bank.service.BankServiceImpl - Showing info about bank
2022-02-17 00:57:24.916 [main] INFO  com.mista1984.bank.service.BankServiceImpl - PriorBank, id: 0
2022-02-17 00:57:24.916 [main] INFO  com.mista1984.bank.service.BankServiceImpl - BelarusBank, id: 1
2022-02-17 00:57:24.917 [main] INFO  com.mista1984.bank.service.BankServiceImpl - AlfaBank, id: 2
2022-02-17 00:57:24.917 [main] INFO  com.mista1984.bank.app.AppRun - Enter 0 to exit the application
2022-02-17 00:57:24.918 [main] INFO  com.mista1984.bank.app.AppRun - Enter 1 to show all banks
2022-02-17 00:57:24.919 [main] INFO  com.mista1984.bank.app.AppRun - Enter 2 to add bank
2022-02-17 00:57:24.919 [main] INFO  com.mista1984.bank.app.AppRun - Enter 3 to delete bank
2022-02-17 00:57:24.919 [main] INFO  com.mista1984.bank.app.AppRun - Enter 4 to show users in the bank
2022-02-17 00:57:24.919 [main] INFO  com.mista1984.bank.app.AppRun - Enter 5 to add the user in bank
2022-02-17 00:57:24.920 [main] INFO  com.mista1984.bank.app.AppRun - Enter 6 to add user account
2022-02-17 00:57:24.920 [main] INFO  com.mista1984.bank.app.AppRun - Enter 7 to top up account
2022-02-17 00:57:24.921 [main] INFO  com.mista1984.bank.app.AppRun - Enter 8 to transfer money
2022-02-17 00:57:47.326 [main] INFO  com.mista1984.bank.service.BankServiceImpl - Input id Bank for show users
2022-02-17 00:57:49.708 [main] INFO  com.mista1984.bank.service.BankServiceImpl - Showing users in bank
2022-02-17 00:57:49.709 [main] INFO  com.mista1984.bank.service.BankServiceImpl - []
2022-02-17 00:57:49.710 [main] INFO  com.mista1984.bank.app.AppRun - Enter 0 to exit the application
2022-02-17 00:57:49.710 [main] INFO  com.mista1984.bank.app.AppRun - Enter 1 to show all banks
2022-02-17 00:57:49.711 [main] INFO  com.mista1984.bank.app.AppRun - Enter 2 to add bank
2022-02-17 00:57:49.711 [main] INFO  com.mista1984.bank.app.AppRun - Enter 3 to delete bank
2022-02-17 00:57:49.711 [main] INFO  com.mista1984.bank.app.AppRun - Enter 4 to show users in the bank
2022-02-17 00:57:49.711 [main] INFO  com.mista1984.bank.app.AppRun - Enter 5 to add the user in bank
2022-02-17 00:57:49.712 [main] INFO  com.mista1984.bank.app.AppRun - Enter 6 to add user account
2022-02-17 00:57:49.712 [main] INFO  com.mista1984.bank.app.AppRun - Enter 7 to top up account
2022-02-17 00:57:49.712 [main] INFO  com.mista1984.bank.app.AppRun - Enter 8 to transfer money
2022-02-17 00:57:54.800 [main] INFO  com.mista1984.bank.service.BankServiceImpl - Input id Bank for show users
2022-02-17 00:57:55.450 [main] INFO  com.mista1984.bank.service.BankServiceImpl - Showing users in bank
2022-02-17 00:57:55.479 [main] INFO  com.mista1984.bank.service.BankServiceImpl - [IndividualPerson{idUser='Vpw2AS', nameUser='Stas', bankAccountList=[BankAccount{numberOfBankAccount='w924XmVZTo', balance=1027.5, currency=BYN}, BankAccount{numberOfBankAccount='RW6Estf0hP', balance=4750.0, currency=RUB}]}
, Orginization{idUser='e1X9kM', nameUser='Azot', bankAccountList=[BankAccount{numberOfBankAccount='JTkWTOjJJg', balance=21730.0, currency=BYN}]}
]
2022-02-17 00:57:55.479 [main] INFO  com.mista1984.bank.app.AppRun - Enter 0 to exit the application
2022-02-17 00:57:55.479 [main] INFO  com.mista1984.bank.app.AppRun - Enter 1 to show all banks
2022-02-17 00:57:55.480 [main] INFO  com.mista1984.bank.app.AppRun - Enter 2 to add bank
2022-02-17 00:57:55.480 [main] INFO  com.mista1984.bank.app.AppRun - Enter 3 to delete bank
2022-02-17 00:57:55.480 [main] INFO  com.mista1984.bank.app.AppRun - Enter 4 to show users in the bank
2022-02-17 00:57:55.480 [main] INFO  com.mista1984.bank.app.AppRun - Enter 5 to add the user in bank
2022-02-17 00:57:55.481 [main] INFO  com.mista1984.bank.app.AppRun - Enter 6 to add user account
2022-02-17 00:57:55.481 [main] INFO  com.mista1984.bank.app.AppRun - Enter 7 to top up account
2022-02-17 00:57:55.481 [main] INFO  com.mista1984.bank.app.AppRun - Enter 8 to transfer money
2022-02-17 00:58:02.723 [main] INFO  com.mista1984.bank.service.BankServiceImpl - Input id Bank for show users
2022-02-17 00:58:03.370 [main] INFO  com.mista1984.bank.service.BankServiceImpl - Showing users in bank
2022-02-17 00:58:03.370 [main] INFO  com.mista1984.bank.service.BankServiceImpl - [IndividualPerson{idUser='PFugF9', nameUser='Aliona', bankAccountList=[BankAccount{numberOfBankAccount='s1IIXOuLA3', balance=39.6, currency=BYN}, BankAccount{numberOfBankAccount='o0cC2ssdRY', balance=10065.0, currency=USD}]}
, Orginization{idUser='Z5DJhH', nameUser='Biocom', bankAccountList=[BankAccount{numberOfBankAccount='JcXVxnf2ch', balance=0.0, currency=BYN}, BankAccount{numberOfBankAccount='1hbKF0Dakv', balance=4700.0, currency=USD}]}
]
2022-02-17 00:58:03.395 [main] INFO  com.mista1984.bank.app.AppRun - Enter 0 to exit the application
2022-02-17 00:58:03.395 [main] INFO  com.mista1984.bank.app.AppRun - Enter 1 to show all banks
2022-02-17 00:58:03.395 [main] INFO  com.mista1984.bank.app.AppRun - Enter 2 to add bank
2022-02-17 00:58:03.395 [main] INFO  com.mista1984.bank.app.AppRun - Enter 3 to delete bank
2022-02-17 00:58:03.395 [main] INFO  com.mista1984.bank.app.AppRun - Enter 4 to show users in the bank
2022-02-17 00:58:03.396 [main] INFO  com.mista1984.bank.app.AppRun - Enter 5 to add the user in bank
2022-02-17 00:58:03.396 [main] INFO  com.mista1984.bank.app.AppRun - Enter 6 to add user account
2022-02-17 00:58:03.396 [main] INFO  com.mista1984.bank.app.AppRun - Enter 7 to top up account
2022-02-17 00:58:03.397 [main] INFO  com.mista1984.bank.app.AppRun - Enter 8 to transfer money
2022-02-17 00:58:18.678 [main] INFO  com.mista1984.bank.service.BankServiceImpl - Enter id Bank:
2022-02-17 00:58:21.787 [main] INFO  com.mista1984.bank.service.BankServiceImpl - Enter id user:
2022-02-17 00:58:31.866 [main] INFO  com.mista1984.bank.service.BankServiceImpl - Try find bank id = '1'
2022-02-17 00:58:31.866 [main] INFO  com.mista1984.bank.service.BankServiceImpl - Find users in bank
2022-02-17 00:58:31.866 [main] INFO  com.mista1984.bank.service.BankServiceImpl - Find user in bank with id = 'Z5DJhH'
2022-02-17 00:58:31.866 [main] INFO  com.mista1984.bank.service.BankServiceImpl - Enter number of account:
2022-02-17 00:58:53.536 [main] INFO  com.mista1984.bank.service.BankServiceImpl - Try find bank account number= 'JcXVxnf2ch'
2022-02-17 00:58:53.536 [main] INFO  com.mista1984.bank.service.BankServiceImpl - Find bank account number= 'JcXVxnf2ch'
2022-02-17 00:58:53.536 [main] INFO  com.mista1984.bank.service.BankServiceImpl - Enter the amount you want to top up your account:
2022-02-17 00:59:02.887 [main] INFO  com.mista1984.bank.service.BankServiceImpl - balance updated
2022-02-17 00:59:02.887 [main] INFO  com.mista1984.bank.app.AppRun - Enter 0 to exit the application
2022-02-17 00:59:02.888 [main] INFO  com.mista1984.bank.app.AppRun - Enter 1 to show all banks
2022-02-17 00:59:02.888 [main] INFO  com.mista1984.bank.app.AppRun - Enter 2 to add bank
2022-02-17 00:59:02.888 [main] INFO  com.mista1984.bank.app.AppRun - Enter 3 to delete bank
2022-02-17 00:59:02.888 [main] INFO  com.mista1984.bank.app.AppRun - Enter 4 to show users in the bank
2022-02-17 00:59:02.889 [main] INFO  com.mista1984.bank.app.AppRun - Enter 5 to add the user in bank
2022-02-17 00:59:02.889 [main] INFO  com.mista1984.bank.app.AppRun - Enter 6 to add user account
2022-02-17 00:59:02.889 [main] INFO  com.mista1984.bank.app.AppRun - Enter 7 to top up account
2022-02-17 00:59:02.889 [main] INFO  com.mista1984.bank.app.AppRun - Enter 8 to transfer money
2022-02-17 00:59:10.345 [main] INFO  com.mista1984.bank.service.BankServiceImpl - Input id Bank for show users
2022-02-17 00:59:11.683 [main] INFO  com.mista1984.bank.service.BankServiceImpl - Showing users in bank
2022-02-17 00:59:11.684 [main] INFO  com.mista1984.bank.service.BankServiceImpl - [IndividualPerson{idUser='PFugF9', nameUser='Aliona', bankAccountList=[BankAccount{numberOfBankAccount='s1IIXOuLA3', balance=39.6, currency=BYN}, BankAccount{numberOfBankAccount='o0cC2ssdRY', balance=10065.0, currency=USD}]}
, Orginization{idUser='Z5DJhH', nameUser='Biocom', bankAccountList=[BankAccount{numberOfBankAccount='JcXVxnf2ch', balance=20000.0, currency=BYN}, BankAccount{numberOfBankAccount='1hbKF0Dakv', balance=4700.0, currency=USD}]}
]
2022-02-17 00:59:11.684 [main] INFO  com.mista1984.bank.app.AppRun - Enter 0 to exit the application
2022-02-17 00:59:11.684 [main] INFO  com.mista1984.bank.app.AppRun - Enter 1 to show all banks
2022-02-17 00:59:11.684 [main] INFO  com.mista1984.bank.app.AppRun - Enter 2 to add bank
2022-02-17 00:59:11.684 [main] INFO  com.mista1984.bank.app.AppRun - Enter 3 to delete bank
2022-02-17 00:59:11.684 [main] INFO  com.mista1984.bank.app.AppRun - Enter 4 to show users in the bank
2022-02-17 00:59:11.684 [main] INFO  com.mista1984.bank.app.AppRun - Enter 5 to add the user in bank
2022-02-17 00:59:11.685 [main] INFO  com.mista1984.bank.app.AppRun - Enter 6 to add user account
2022-02-17 00:59:11.685 [main] INFO  com.mista1984.bank.app.AppRun - Enter 7 to top up account
2022-02-17 00:59:11.685 [main] INFO  com.mista1984.bank.app.AppRun - Enter 8 to transfer money
2022-02-17 00:59:20.846 [main] INFO  com.mista1984.bank.service.BankServiceImpl - Enter the id of the bank from which you want to make a transfer:
2022-02-17 00:59:23.017 [main] INFO  com.mista1984.bank.service.BankServiceImpl - Enter the id of the user from which you want to make a transfer:
2022-02-17 00:59:35.311 [main] INFO  com.mista1984.bank.service.BankServiceImpl - Try find bank id = '1'
2022-02-17 00:59:35.311 [main] INFO  com.mista1984.bank.service.BankServiceImpl - Find users in bank
2022-02-17 00:59:35.311 [main] INFO  com.mista1984.bank.service.BankServiceImpl - Find user in bank with id = 'Z5DJhH'
2022-02-17 00:59:35.312 [main] INFO  com.mista1984.bank.service.BankServiceImpl - Enter number of account:
2022-02-17 00:59:46.736 [main] INFO  com.mista1984.bank.service.BankServiceImpl - Try find bank account number= 'JcXVxnf2ch'
2022-02-17 00:59:46.737 [main] INFO  com.mista1984.bank.service.BankServiceImpl - Find bank account number= 'JcXVxnf2ch'
2022-02-17 00:59:46.737 [main] INFO  com.mista1984.bank.service.BankServiceImpl - Enter the id of the bank to which you want to transfer money:
2022-02-17 01:00:00.585 [main] INFO  com.mista1984.bank.service.BankServiceImpl - Enter the id of the user to which you want to transfer money:
2022-02-17 01:00:10.114 [main] INFO  com.mista1984.bank.service.BankServiceImpl - Try find bank id = '1'
2022-02-17 01:00:10.115 [main] INFO  com.mista1984.bank.service.BankServiceImpl - Find users in bank
2022-02-17 01:00:10.115 [main] INFO  com.mista1984.bank.service.BankServiceImpl - Find user in bank with id = 'PFugF9'
2022-02-17 01:00:10.115 [main] INFO  com.mista1984.bank.service.BankServiceImpl - Enter number of account:
2022-02-17 01:00:30.632 [main] INFO  com.mista1984.bank.service.BankServiceImpl - Try find bank account number= 'o0cC2ssdRY'
2022-02-17 01:00:30.633 [main] INFO  com.mista1984.bank.service.BankServiceImpl - Find bank account number= 'o0cC2ssdRY'
2022-02-17 01:00:30.633 [main] INFO  com.mista1984.bank.service.BankServiceImpl - Enter the amount you want to top up your account:
2022-02-17 01:00:40.416 [main] INFO  com.mista1984.bank.app.AppRun - Enter 0 to exit the application
2022-02-17 01:00:40.416 [main] INFO  com.mista1984.bank.app.AppRun - Enter 1 to show all banks
2022-02-17 01:00:40.417 [main] INFO  com.mista1984.bank.app.AppRun - Enter 2 to add bank
2022-02-17 01:00:40.417 [main] INFO  com.mista1984.bank.app.AppRun - Enter 3 to delete bank
2022-02-17 01:00:40.417 [main] INFO  com.mista1984.bank.app.AppRun - Enter 4 to show users in the bank
2022-02-17 01:00:40.417 [main] INFO  com.mista1984.bank.app.AppRun - Enter 5 to add the user in bank
2022-02-17 01:00:40.417 [main] INFO  com.mista1984.bank.app.AppRun - Enter 6 to add user account
2022-02-17 01:00:40.418 [main] INFO  com.mista1984.bank.app.AppRun - Enter 7 to top up account
2022-02-17 01:00:40.418 [main] INFO  com.mista1984.bank.app.AppRun - Enter 8 to transfer money
2022-02-17 01:00:44.224 [main] INFO  com.mista1984.bank.service.BankServiceImpl - Input id Bank for show users
2022-02-17 01:00:45.104 [main] INFO  com.mista1984.bank.service.BankServiceImpl - Showing users in bank
2022-02-17 01:00:45.105 [main] INFO  com.mista1984.bank.service.BankServiceImpl - [IndividualPerson{idUser='PFugF9', nameUser='Aliona', bankAccountList=[BankAccount{numberOfBankAccount='s1IIXOuLA3', balance=39.6, currency=BYN}, BankAccount{numberOfBankAccount='o0cC2ssdRY', balance=13965.0, currency=USD}]}
, Orginization{idUser='Z5DJhH', nameUser='Biocom', bankAccountList=[BankAccount{numberOfBankAccount='JcXVxnf2ch', balance=9400.0, currency=BYN}, BankAccount{numberOfBankAccount='1hbKF0Dakv', balance=4700.0, currency=USD}]}
]
2022-02-17 01:00:45.105 [main] INFO  com.mista1984.bank.app.AppRun - Enter 0 to exit the application
2022-02-17 01:00:45.105 [main] INFO  com.mista1984.bank.app.AppRun - Enter 1 to show all banks
2022-02-17 01:00:45.106 [main] INFO  com.mista1984.bank.app.AppRun - Enter 2 to add bank
2022-02-17 01:00:45.106 [main] INFO  com.mista1984.bank.app.AppRun - Enter 3 to delete bank
2022-02-17 01:00:45.106 [main] INFO  com.mista1984.bank.app.AppRun - Enter 4 to show users in the bank
2022-02-17 01:00:45.106 [main] INFO  com.mista1984.bank.app.AppRun - Enter 5 to add the user in bank
2022-02-17 01:00:45.107 [main] INFO  com.mista1984.bank.app.AppRun - Enter 6 to add user account
2022-02-17 01:00:45.107 [main] INFO  com.mista1984.bank.app.AppRun - Enter 7 to top up account
2022-02-17 01:00:45.107 [main] INFO  com.mista1984.bank.app.AppRun - Enter 8 to transfer money
2022-02-17 01:02:03.004 [main] INFO  com.mista1984.bank.app.AppRun - Goodbye!
2022-02-17 01:02:03.015 [main] INFO  com.mista1984.bank.io.SerializationUtils - Data was saved.
